This is pdfeTeX, Version 3.141592-1.21a-2.2 (Web2C 7.5.4) (format=pdflatex 2010.12.23)  10 JUL 2015 19:33
entering extended mode
**JMC_dis
(./JMC_dis.tex
LaTeX2e <2008/12/01>
Babel <v3.8d> and hyphenation patterns for american, french, german, ngerman, b
ahasa, basque, bulgarian, catalan, croatian, czech, danish, dutch, esperanto, e
stonian, finnish, greek, icelandic, irish, italian, latin, magyar, norsk, polis
h, portuges, romanian, russian, serbian, slovak, slovene, spanish, swedish, tur
kish, ukrainian, nohyphenation, loaded.
(/sw/share/texmf-dist/tex/latex/revtex4/revtex4.cls
Document Class: revtex4 2001/08/03 v4.0 (http://publish.aps.org/revtex4/ for do
cumentation)
 Copyright (c) 2001 The American Physical Society.
 mailto:revtex@aps.org
 Licensed under the LPPL:
http://www.ctan.org/tex-archive/macros/latex/base/lppl.txt
 Arthur Ogawa <ogawa@teleport.com>
 Based on work by David Carlisle <david@dcarlisle.demon.co.uk>.
ltxutil: portions licensed from W. E. Baxter (web@superscript.com)
Class revtex4 Info: Repairing broken LateX \@sect on input line 596.
\intertabularlinepenalty=\count79
\@tbpen=\count80
\@arstrutbox@hline=\box26
Class revtex4 Info: Repairing broken LaTeX \@xbitor on input line 1610.
ltxgrid: portions licensed from W. E. Baxter (web@superscript.com)
\c@linecount=\count81
\output=\toks14
\@protection@box=\box27
\@topmark@saved=\toks15
\footins@saved=\box28
\pagesofar=\box29
\footbox=\box30
\pagegrid@col=\count82
Class revtex4 Info: Incorporating package {textcase}  [1998/11/12 v0.06 Text on
ly upper/lower case changing (DPC)]. on input line 3682.
(/sw/share/texmf-dist/tex/latex/url/url.sty
\Urlmuskip=\muskip10
Package: url 2004/03/15  ver 3.1  Verb mode for urls, etc.
)
\c@affil=\count83
\absbox=\box31
\c@part=\count84
\c@section=\count85
\c@subsection=\count86
\c@subsubsection=\count87
\c@paragraph=\count88
\c@subparagraph=\count89
\abovecaptionskip=\skip41
\belowcaptionskip=\skip42
\c@figure=\count90
\c@table=\count91

(/sw/share/texmf-dist/tex/latex/natbib/natbib.sty
Package: natbib 2010/09/13 8.31b (PWD, AO)
\bibhang=\skip43
\bibsep=\skip44
LaTeX Info: Redefining \cite on input line 694.
\c@NAT@ctr=\count92
)
\widetext@top=\box32
\widetext@bot=\box33

(/sw/share/texmf-dist/tex/latex/revtex4/revsymb.sty
Package: revsymb 2001/08/03 v4.0 (http://publish.aps.org/revtex4/ for documenta
tion)
LaTeX Info: Redefining \REV@mathfrak on input line 118.
))

Class revtex4 Warning: No Society specified, using generic APS style.

(/sw/share/texmf-dist/tex/latex/revtex4/aps.rtx
File: aps.rtx 2001/08/03 v4.0 (http://publish.aps.org/revtex4/ for documentatio
n)
)
(/sw/share/texmf-dist/tex/latex/revtex4/10pt.rtx
File: 10pt.rtx 2001/08/03 v4.0 (http://publish.aps.org/revtex4/ for documentati
on)
)
(/sw/share/texmf-dist/tex/latex/amsmath/amsmath.sty
Package: amsmath 2000/07/18 v2.13 AMS math features
\@mathmargin=\skip45

For additional information on amsmath, use the `?' option.
(/sw/share/texmf-dist/tex/latex/amsmath/amstext.sty
Package: amstext 2000/06/29 v2.01

(/sw/share/texmf-dist/tex/latex/amsmath/amsgen.sty
File: amsgen.sty 1999/11/30 v2.0
\@emptytoks=\toks16
\ex@=\dimen102
))
(/sw/share/texmf-dist/tex/latex/amsmath/amsbsy.sty
Package: amsbsy 1999/11/29 v1.2d
\pmbraise@=\dimen103
)
(/sw/share/texmf-dist/tex/latex/amsmath/amsopn.sty
Package: amsopn 1999/12/14 v2.01 operator names
)
\inf@bad=\count93
LaTeX Info: Redefining \frac on input line 211.
\uproot@=\count94
\leftroot@=\count95
LaTeX Info: Redefining \overline on input line 307.
\classnum@=\count96
\DOTSCASE@=\count97
LaTeX Info: Redefining \ldots on input line 379.
LaTeX Info: Redefining \dots on input line 382.
LaTeX Info: Redefining \cdots on input line 467.
\Mathstrutbox@=\box34
\strutbox@=\box35
\big@size=\dimen104
LaTeX Font Info:    Redeclaring font encoding OML on input line 567.
LaTeX Font Info:    Redeclaring font encoding OMS on input line 568.
\macc@depth=\count98
\c@MaxMatrixCols=\count99
\dotsspace@=\muskip11
\c@parentequation=\count100
\dspbrk@lvl=\count101
\tag@help=\toks17
\row@=\count102
\column@=\count103
\maxfields@=\count104
\andhelp@=\toks18
\eqnshift@=\dimen105
\alignsep@=\dimen106
\tagshift@=\dimen107
\tagwidth@=\dimen108
\totwidth@=\dimen109
\lineht@=\dimen110
\@envbody=\toks19
\multlinegap=\skip46
\multlinetaggap=\skip47
\mathdisplay@stack=\toks20
LaTeX Info: Redefining \[ on input line 2666.
LaTeX Info: Redefining \] on input line 2667.
)
(/sw/share/texmf-dist/tex/latex/amsfonts/amssymb.sty
Package: amssymb 2002/01/22 v2.2d

(/sw/share/texmf-dist/tex/latex/amsfonts/amsfonts.sty
Package: amsfonts 2001/10/25 v2.2f
\symAMSa=\mathgroup4
\symAMSb=\mathgroup5
LaTeX Font Info:    Overwriting math alphabet `\mathfrak' in version `bold'
(Font)                  U/euf/m/n --> U/euf/b/n on input line 132.
LaTeX Info: Redefining \frak on input line 135.
LaTeX Info: Redefining \Bbb on input line 137.
))
(/sw/share/texmf-dist/tex/latex/tools/bm.sty
Package: bm 2004/02/26 v1.1c Bold Symbol Support (DPC/FMi)
\symboldoperators=\mathgroup6
\symboldletters=\mathgroup7
\symboldsymbols=\mathgroup8
LaTeX Font Info:    Redeclaring math alphabet \mathbf on input line 137.
LaTeX Info: Redefining \bm on input line 203.
)
(/sw/share/texmf-dist/tex/latex/graphics/graphicx.sty
Package: graphicx 1999/02/16 v1.0f Enhanced LaTeX Graphics (DPC,SPQR)

(/sw/share/texmf-dist/tex/latex/graphics/keyval.sty
Package: keyval 1999/03/16 v1.13 key=value parser (DPC)
\KV@toks@=\toks21
)
(/sw/share/texmf-dist/tex/latex/graphics/graphics.sty
Package: graphics 2001/07/07 v1.0n Standard LaTeX Graphics (DPC,SPQR)

(/sw/share/texmf-dist/tex/latex/graphics/trig.sty
Package: trig 1999/03/16 v1.09 sin cos tan (DPC)
)
(/sw/share/texmf-dist/tex/latex/graphics/graphics.cfg
File: graphics.cfg 2005/02/03 v1.3 graphics configuration of teTeX/TeXLive
)
Package graphics Info: Driver file: pdftex.def on input line 80.

(/sw/share/texmf-dist/tex/latex/graphics/pdftex.def
File: pdftex.def 2002/06/19 v0.03k graphics/color for pdftex
\Gread@gobject=\count105
))
\Gin@req@height=\dimen111
\Gin@req@width=\dimen112
)
(/sw/share/texmf-dist/tex/latex/tools/hhline.sty
Package: hhline 1994/05/23 v2.03 Table rule package (DPC)
)
(/sw/share/texmf-dist/tex/latex/multirow/multirow.sty
\bigstrutjot=\dimen113
)
(/sw/share/texmf-dist/tex/latex/tools/dcolumn.sty
Package: dcolumn 2001/05/28 v1.06 decimal alignment package (DPC)

(/sw/share/texmf-dist/tex/latex/tools/array.sty
Package: array 2003/12/17 v2.4a Tabular extension package (FMi)
\col@sep=\dimen114
\extrarowheight=\dimen115
\NC@list=\toks22
\extratabsurround=\skip48
\backup@length=\skip49
))
(/sw/share/texmf-dist/tex/latex/carlisle/slashed.sty
Package: slashed 1997/01/16 v0.01 Feynman Slashed Character Notation (DPC)
)
(/Library/Latex/datetime/datetime.sty
Package: datetime 2007/08/20 v2.55 Date Time Package
 (/Library/Latex/fmtcount/fmtcount.sty
Package: fmtcount 2007/07/20 v1.3

(/sw/share/texmf-dist/tex/latex/base/ifthen.sty
Package: ifthen 2001/05/26 v1.1c Standard LaTeX ifthen package (DPC)
)
\c@padzeroesN=\count106

(/Library/Latex/fmtcount/fc-english.def
File: fc-english 2007/05/26
)
(/Library/Latex/fmtcount/fc-USenglish.def
File: fc-USenglish 2007/06/14
)
(/Library/Latex/fmtcount/fc-spanish.def
File: fc-spanish.def 2007/05/26
)
(/Library/Latex/fmtcount/fc-portuges.def
File: fc-portuges.def 2007/05/26
)
(/Library/Latex/fmtcount/fc-french.def
File: fc-french.def 2007/05/26
) (/Library/Latex/fmtcount/fc-german.def
File: fc-german.def 2007/06/14
)
No configuration file fmtcount.cfg found.
\@DT@modctr=\count107
\@ordinalctr=\count108
\@orgargctr=\count109
\@strctr=\count110
\@tmpstrctr=\count111
\@DT@loopN=\count112
\@DT@X=\count113
)
\@day=\count114
\@month=\count115
\@year=\count116
Package datetime Info: No datetime.cfg file found, using default settings on in
put line 167.
\@dtctr=\count117
\dayofyear=\count118
\dayofweek=\count119
LaTeX Info: Redefining \today on input line 428.
\c@HOUR=\count120
\c@HOURXII=\count121
\c@MINUTE=\count122
\c@TOHOUR=\count123
\c@TOMINUTE=\count124
\dt@a=\toks23
\dt@b=\toks24
) (./JMC_dis.aux)
\openout1 = `JMC_dis.aux'.

LaTeX Font Info:    Checking defaults for OML/cmm/m/it on input line 41.
LaTeX Font Info:    ... okay on input line 41.
LaTeX Font Info:    Checking defaults for T1/cmr/m/n on input line 41.
LaTeX Font Info:    ... okay on input line 41.
LaTeX Font Info:    Checking defaults for OT1/cmr/m/n on input line 41.
LaTeX Font Info:    ... okay on input line 41.
LaTeX Font Info:    Checking defaults for OMS/cmsy/m/n on input line 41.
LaTeX Font Info:    ... okay on input line 41.
LaTeX Font Info:    Checking defaults for OMX/cmex/m/n on input line 41.
LaTeX Font Info:    ... okay on input line 41.
LaTeX Font Info:    Checking defaults for U/cmr/m/n on input line 41.
LaTeX Font Info:    ... okay on input line 41.
Class revtex4 Info: Patching array package. on input line 41.
Class revtex4 Info: cite was not loaded (OK!) on input line 41.
Class revtex4 Info: multicol was not loaded (OK!) on input line 41.
 (/sw/share/texmf-dist/tex/context/base/supp-pdf.tex
(/sw/share/texmf-dist/tex/context/base/supp-mis.tex
loading : Context Support Macros / Miscellaneous (2004.10.26)
\protectiondepth=\count125
\scratchcounter=\count126
\scratchtoks=\toks25
\scratchdimen=\dimen116
\scratchskip=\skip50
\scratchmuskip=\muskip12
\scratchbox=\box36
\scratchread=\read1
\scratchwrite=\write3
\zeropoint=\dimen117
\onepoint=\dimen118
\onebasepoint=\dimen119
\minusone=\count127
\thousandpoint=\dimen120
\onerealpoint=\dimen121
\emptytoks=\toks26
\nextbox=\box37
\nextdepth=\dimen122
\everyline=\toks27
\!!counta=\count128
\!!countb=\count129
\recursecounter=\count130
)
loading : Context Support Macros / PDF (2004.03.26)
\nofMPsegments=\count131
\nofMParguments=\count132
\MPscratchCnt=\count133
\MPscratchDim=\dimen123
\MPnumerator=\count134
\everyMPtoPDFconversion=\toks28
)
LaTeX Font Info:    Try loading font information for U+msa on input line 69.
 (/sw/share/texmf-dist/tex/latex/amsfonts/umsa.fd
File: umsa.fd 2002/01/19 v2.2g AMS font definitions
)
LaTeX Font Info:    Try loading font information for U+msb on input line 69.

(/sw/share/texmf-dist/tex/latex/amsfonts/umsb.fd
File: umsb.fd 2002/01/19 v2.2g AMS font definitions
)

Package natbib Warning: Citation `Accardi-Qiu' on page 1 undefined on input lin
e 78.


LaTeX Warning: Reference `fig:handbags' on page 1 undefined on input line 78.


LaTeX Warning: Reference `fig:handabgs' on page 1 undefined on input line 116.


Package natbib Warning: Citation `Accardi-Qiu' on page 1 undefined on input lin
e 116.


Package natbib Warning: Citation `D'Hoker-lecture-notes' on page 1 undefined on
 input line 116.


Package natbib Warning: Citation `Romao-lecture-notes' on page 1 undefined on i
nput line 116.


Package natbib Warning: Citation `Accardi-Qiu' on page 1 undefined on input lin
e 129.

[1{/Users/bacchett/.texmf-var/fonts/map/pdftex/updmap/pdftex.map}]

Package natbib Warning: Citation `Weinberg-book' on page 2 undefined on input l
ine 162.


Package natbib Warning: Citation `Accardi-Qiu)' on page 2 undefined on input li
ne 162.


Package natbib Warning: Citation `Accardi-Qiu' on page 2 undefined on input lin
e 189.


LaTeX Warning: Reference `fig:handbags' on page 2 undefined on input line 192.


LaTeX Warning: Reference `fig:handbags' on page 2 undefined on input line 197.


LaTeX Warning: Reference `fig:handbags' on page 2 undefined on input line 214.


Package natbib Warning: Citation `New_testament' on page 2 undefined on input l
ine 221.

[2]

Package natbib Warning: Citation `New-testament' on page 3 undefined on input l
ine 232.


Package natbib Warning: Citation `New-testament' on page 3 undefined on input l
ine 236.


Package natbib Warning: Citation `ABMS' on page 3 undefined on input line 295.


Package natbib Warning: Citation `ABMS' on page 3 undefined on input line 308.

[3]
Warning: pdflatex (file g2contrib.pdf): pdf inclusion: found pdf version <1.5>,
 but at most version <1.4> allowed
<g2contrib.pdf, id=74, 361.35pt x 325.215pt>
File: g2contrib.pdf Graphic file (type pdf)
 <use g2contrib.pdf>
LaTeX Font Info:    Try loading font information for OMS+cmr on input line 346.


(/sw/share/texmf-dist/tex/latex/base/omscmr.fd
File: omscmr.fd 1999/05/25 v2.5h Standard LaTeX font definitions
)
LaTeX Font Info:    Font shape `OMS/cmr/m/n' in size <10> not available
(Font)              Font shape `OMS/cmsy/m/n' tried instead on input line 346.
 [4 <./g2contrib.pdf
Warning: pdflatex (file ./g2contrib.pdf): pdf inclusion: Page Group detected wh
ich pdfTeX can't handle. Ignoring it.
>]
Underfull \hbox (badness 10000) in paragraph at lines 378--382

 []

(./JMC_dis.bbl)

Package natbib Warning: There were undefined citations.

[5] (./JMC_dis.aux)

LaTeX Warning: There were undefined references.

 ) 
Here is how much of TeX's memory you used:
 4350 strings out of 94500
 55347 string characters out of 1176113
 148044 words of memory out of 1500000
 7440 multiletter control sequences out of 10000+50000
 14349 words of font info for 53 fonts, out of 1200000 for 2000
 580 hyphenation exceptions out of 8191
 31i,19n,24p,828b,293s stack positions out of 5000i,500n,6000p,200000b,5000s
PDF statistics:
 132 PDF objects out of 65536
 0 named destinations out of 20000
 6 words of extra memory for PDF output out of 65536
</sw/share/texmf-dist/fonts/type1/bluesky/cm/cmmi9.pfb></sw/share/texmf-dist/
fonts/type1/bluesky/cm/cmsy5.pfb></sw/share/texmf-dist/fonts/type1/bluesky/cm/c
mmib10.pfb></sw/share/texmf-dist/fonts/type1/bluesky/symbols/msam10.pfb></sw/sh
are/texmf-dist/fonts/type1/bluesky/cm/cmmi5.pfb></sw/share/texmf-dist/fonts/typ
e1/bluesky/cm/cmti10.pfb></sw/share/texmf-dist/fonts/type1/bluesky/cm/cmr5.pfb>
</sw/share/texmf-dist/fonts/type1/bluesky/cm/cmsy10.pfb></sw/share/texmf-dist/f
onts/type1/bluesky/cm/cmsy7.pfb></sw/share/texmf-dist/fonts/type1/bluesky/cm/cm
ex10.pfb></sw/share/texmf-dist/fonts/type1/bluesky/cm/cmr7.pfb></sw/share/texmf
-dist/fonts/type1/bluesky/cm/cmbx10.pfb></sw/share/texmf-dist/fonts/type1/blues
ky/cm/cmmi10.pfb></sw/share/texmf-dist/fonts/type1/bluesky/cm/cmbx9.pfb></sw/sh
are/texmf-dist/fonts/type1/bluesky/cm/cmr6.pfb></sw/share/texmf-dist/fonts/type
1/bluesky/cm/cmti9.pfb></sw/share/texmf-dist/fonts/type1/bluesky/cm/cmmi6.pfb><
/sw/share/texmf-dist/fonts/type1/bluesky/cm/cmmi7.pfb></sw/share/texmf-dist/fon
ts/type1/bluesky/cm/cmr10.pfb></sw/share/texmf-dist/fonts/type1/bluesky/cm/cmbx
12.pfb></sw/share/texmf-dist/fonts/type1/bluesky/cm/cmr9.pfb>
Output written on JMC_dis.pdf (5 pages, 207882 bytes).
